2025-12-23 10:13:14,016 - database_process - DEBUG - 模块 database_process 日志已初始化 (path=c:\Users\zfj-AUTHOR\Desktop\VSC\Cluster-20251215T135848Z-1-001\Cluster\controller\log\database_process.log)
2025-12-23 10:13:14,028 - database_process - INFO - 所有数据库初始化完成
2025-12-23 10:13:14,029 - database_process - DEBUG - 处理查询 SQL: SELECT * FROM node_status WHERE node_id=? params: ('STA01',)
2025-12-23 10:13:14,039 - database_process - DEBUG - 处理查询 SQL: SELECT * FROM node_status WHERE node_id=? params: ('STA02',)
2025-12-23 10:13:14,543 - database_process - DEBUG - 处理查询 SQL: SELECT * FROM node_status WHERE node_id=? params: ('STA03',)
2025-12-23 10:13:14,543 - database_process - DEBUG - 处理查询 SQL: SELECT * FROM node_status WHERE node_id=? params: ('STA04',)
2025-12-23 10:13:29,620 - database_process - DEBUG - 处理查询 SQL: SELECT * FROM game_config ORDER BY id DESC LIMIT 1 params: ()
2025-12-23 10:13:29,621 - database_process - DEBUG - 处理查询 SQL: SELECT * FROM node_status WHERE node_id=? params: ('STA01',)
2025-12-23 10:13:33,707 - database_process - DEBUG - 处理查询 SQL: SELECT * FROM node_status WHERE node_id=? params: ('STA02',)
2025-12-23 10:13:33,707 - database_process - DEBUG - 处理查询 SQL: SELECT * FROM node_status WHERE node_id=? params: ('STA03',)
2025-12-23 10:13:34,218 - database_process - DEBUG - 处理查询 SQL: SELECT * FROM node_status WHERE node_id=? params: ('STA04',)
2025-12-23 10:13:35,219 - database_process - DEBUG - 处理查询 SQL: SELECT * FROM game_config ORDER BY id DESC LIMIT 1 params: ()
2025-12-23 10:13:35,247 - database_process - DEBUG - 处理查询 SQL: SELECT * FROM node_status WHERE node_id=? params: ('STA01',)
2025-12-23 10:13:39,179 - database_process - DEBUG - 处理查询 SQL: SELECT * FROM node_status WHERE node_id=? params: ('STA02',)
2025-12-23 10:13:39,179 - database_process - DEBUG - 处理查询 SQL: SELECT * FROM node_status WHERE node_id=? params: ('STA03',)
2025-12-23 10:13:39,683 - database_process - DEBUG - 处理查询 SQL: SELECT * FROM node_status WHERE node_id=? params: ('STA04',)
2025-12-23 10:13:40,685 - database_process - DEBUG - 处理查询 SQL: SELECT * FROM game_config ORDER BY id DESC LIMIT 1 params: ()
2025-12-23 10:13:40,711 - database_process - DEBUG - 处理查询 SQL: SELECT * FROM node_status WHERE node_id=? params: ('STA01',)
2025-12-23 10:13:44,638 - database_process - DEBUG - 处理查询 SQL: SELECT * FROM node_status WHERE node_id=? params: ('STA02',)
2025-12-23 10:13:44,638 - database_process - DEBUG - 处理查询 SQL: SELECT * FROM node_status WHERE node_id=? params: ('STA03',)
2025-12-23 10:13:45,148 - database_process - DEBUG - 处理查询 SQL: SELECT * FROM node_status WHERE node_id=? params: ('STA04',)
2025-12-23 10:13:46,149 - database_process - DEBUG - 处理查询 SQL: SELECT * FROM game_config ORDER BY id DESC LIMIT 1 params: ()
2025-12-23 10:13:46,175 - database_process - DEBUG - 处理查询 SQL: SELECT * FROM node_status WHERE node_id=? params: ('STA01',)
2025-12-23 10:13:50,139 - database_process - DEBUG - 处理查询 SQL: SELECT * FROM node_status WHERE node_id=? params: ('STA02',)
2025-12-23 10:13:50,139 - database_process - DEBUG - 处理查询 SQL: SELECT * FROM node_status WHERE node_id=? params: ('STA03',)
2025-12-23 10:13:50,643 - database_process - DEBUG - 处理查询 SQL: SELECT * FROM node_status WHERE node_id=? params: ('STA04',)
2025-12-23 10:13:51,643 - database_process - DEBUG - 处理查询 SQL: SELECT * FROM game_config ORDER BY id DESC LIMIT 1 params: ()
2025-12-23 10:13:51,652 - database_process - DEBUG - 处理查询 SQL: SELECT * FROM node_status WHERE node_id=? params: ('STA01',)
2025-12-23 10:13:55,630 - database_process - DEBUG - 处理查询 SQL: SELECT * FROM node_status WHERE node_id=? params: ('STA02',)
2025-12-23 10:13:55,630 - database_process - DEBUG - 处理查询 SQL: SELECT * FROM node_status WHERE node_id=? params: ('STA03',)
2025-12-23 10:13:56,133 - database_process - DEBUG - 处理查询 SQL: SELECT * FROM node_status WHERE node_id=? params: ('STA04',)
2025-12-23 10:13:57,134 - database_process - DEBUG - 处理查询 SQL: SELECT * FROM game_config ORDER BY id DESC LIMIT 1 params: ()
2025-12-23 10:13:57,160 - database_process - DEBUG - 处理查询 SQL: SELECT * FROM node_status WHERE node_id=? params: ('STA01',)
2025-12-23 10:14:01,070 - database_process - DEBUG - 处理查询 SQL: SELECT * FROM node_status WHERE node_id=? params: ('STA02',)
2025-12-23 10:14:01,070 - database_process - DEBUG - 处理查询 SQL: SELECT * FROM node_status WHERE node_id=? params: ('STA03',)
2025-12-23 10:14:01,584 - database_process - DEBUG - 处理查询 SQL: SELECT * FROM node_status WHERE node_id=? params: ('STA04',)
2025-12-23 10:14:02,586 - database_process - DEBUG - 处理查询 SQL: SELECT * FROM game_config ORDER BY id DESC LIMIT 1 params: ()
2025-12-23 10:14:02,598 - database_process - DEBUG - 处理查询 SQL: SELECT * FROM node_status WHERE node_id=? params: ('STA01',)
2025-12-23 10:14:06,523 - database_process - DEBUG - 处理查询 SQL: SELECT * FROM node_status WHERE node_id=? params: ('STA02',)
2025-12-23 10:14:06,523 - database_process - DEBUG - 处理查询 SQL: SELECT * FROM node_status WHERE node_id=? params: ('STA03',)
2025-12-23 10:14:07,031 - database_process - DEBUG - 处理查询 SQL: SELECT * FROM node_status WHERE node_id=? params: ('STA04',)
2025-12-23 10:14:08,032 - database_process - DEBUG - 处理查询 SQL: SELECT * FROM game_config ORDER BY id DESC LIMIT 1 params: ()
2025-12-23 10:14:08,040 - database_process - DEBUG - 处理查询 SQL: SELECT * FROM node_status WHERE node_id=? params: ('STA01',)
2025-12-23 10:14:11,993 - database_process - DEBUG - 处理查询 SQL: SELECT * FROM node_status WHERE node_id=? params: ('STA02',)
2025-12-23 10:14:11,994 - database_process - DEBUG - 处理查询 SQL: SELECT * FROM node_status WHERE node_id=? params: ('STA03',)
2025-12-23 10:14:12,508 - database_process - DEBUG - 处理查询 SQL: SELECT * FROM node_status WHERE node_id=? params: ('STA04',)
2025-12-23 10:14:13,510 - database_process - DEBUG - 处理查询 SQL: SELECT * FROM game_config ORDER BY id DESC LIMIT 1 params: ()
2025-12-23 10:14:13,521 - database_process - DEBUG - 处理查询 SQL: SELECT * FROM node_status WHERE node_id=? params: ('STA01',)
2025-12-23 10:14:17,429 - database_process - DEBUG - 处理查询 SQL: SELECT * FROM node_status WHERE node_id=? params: ('STA02',)
2025-12-23 10:14:17,430 - database_process - DEBUG - 处理查询 SQL: SELECT * FROM node_status WHERE node_id=? params: ('STA03',)
2025-12-23 10:14:17,933 - database_process - DEBUG - 处理查询 SQL: SELECT * FROM node_status WHERE node_id=? params: ('STA04',)
2025-12-23 10:14:18,934 - database_process - DEBUG - 处理查询 SQL: SELECT * FROM game_config ORDER BY id DESC LIMIT 1 params: ()
2025-12-23 10:14:18,961 - database_process - DEBUG - 处理查询 SQL: SELECT * FROM node_status WHERE node_id=? params: ('STA01',)
2025-12-23 10:14:22,934 - database_process - DEBUG - 处理查询 SQL: SELECT * FROM node_status WHERE node_id=? params: ('STA02',)
2025-12-23 10:14:22,934 - database_process - DEBUG - 处理查询 SQL: SELECT * FROM node_status WHERE node_id=? params: ('STA03',)
2025-12-23 10:14:23,445 - database_process - DEBUG - 处理查询 SQL: SELECT * FROM node_status WHERE node_id=? params: ('STA04',)
2025-12-23 10:14:24,447 - database_process - DEBUG - 处理查询 SQL: SELECT * FROM game_config ORDER BY id DESC LIMIT 1 params: ()
2025-12-23 10:14:24,473 - database_process - DEBUG - 处理查询 SQL: SELECT * FROM node_status WHERE node_id=? params: ('STA01',)
2025-12-23 10:14:28,400 - database_process - DEBUG - 处理查询 SQL: SELECT * FROM node_status WHERE node_id=? params: ('STA02',)
2025-12-23 10:14:28,401 - database_process - DEBUG - 处理查询 SQL: SELECT * FROM node_status WHERE node_id=? params: ('STA03',)
2025-12-23 10:14:28,912 - database_process - DEBUG - 处理查询 SQL: SELECT * FROM node_status WHERE node_id=? params: ('STA04',)
2025-12-23 10:14:29,913 - database_process - DEBUG - 处理查询 SQL: SELECT * FROM game_config ORDER BY id DESC LIMIT 1 params: ()
2025-12-23 10:14:29,939 - database_process - DEBUG - 处理查询 SQL: SELECT * FROM node_status WHERE node_id=? params: ('STA01',)
2025-12-23 10:14:33,890 - database_process - DEBUG - 处理查询 SQL: SELECT * FROM node_status WHERE node_id=? params: ('STA02',)
2025-12-23 10:14:33,891 - database_process - DEBUG - 处理查询 SQL: SELECT * FROM node_status WHERE node_id=? params: ('STA03',)
2025-12-23 10:14:34,406 - database_process - DEBUG - 处理查询 SQL: SELECT * FROM node_status WHERE node_id=? params: ('STA04',)
2025-12-23 10:14:35,406 - database_process - DEBUG - 处理查询 SQL: SELECT * FROM game_config ORDER BY id DESC LIMIT 1 params: ()
2025-12-23 10:14:35,434 - database_process - DEBUG - 处理查询 SQL: SELECT * FROM node_status WHERE node_id=? params: ('STA01',)
2025-12-23 10:14:39,369 - database_process - DEBUG - 处理查询 SQL: SELECT * FROM node_status WHERE node_id=? params: ('STA02',)
2025-12-23 10:14:39,370 - database_process - DEBUG - 处理查询 SQL: SELECT * FROM node_status WHERE node_id=? params: ('STA03',)
2025-12-23 10:14:39,884 - database_process - DEBUG - 处理查询 SQL: SELECT * FROM node_status WHERE node_id=? params: ('STA04',)
2025-12-23 10:14:40,885 - database_process - DEBUG - 处理查询 SQL: SELECT * FROM game_config ORDER BY id DESC LIMIT 1 params: ()
2025-12-23 10:14:40,900 - database_process - DEBUG - 处理查询 SQL: SELECT * FROM node_status WHERE node_id=? params: ('STA01',)
2025-12-23 10:14:44,774 - database_process - DEBUG - 处理查询 SQL: SELECT * FROM node_status WHERE node_id=? params: ('STA02',)
2025-12-23 10:14:44,774 - database_process - DEBUG - 处理查询 SQL: SELECT * FROM node_status WHERE node_id=? params: ('STA03',)
2025-12-23 10:14:45,277 - database_process - DEBUG - 处理查询 SQL: SELECT * FROM node_status WHERE node_id=? params: ('STA04',)
2025-12-23 10:14:46,278 - database_process - DEBUG - 处理查询 SQL: SELECT * FROM game_config ORDER BY id DESC LIMIT 1 params: ()
2025-12-23 10:14:46,293 - database_process - DEBUG - 处理查询 SQL: SELECT * FROM node_status WHERE node_id=? params: ('STA01',)
2025-12-23 10:14:50,871 - database_process - DEBUG - 处理查询 SQL: SELECT * FROM node_status WHERE node_id=? params: ('STA02',)
2025-12-23 10:14:50,871 - database_process - DEBUG - 处理查询 SQL: SELECT * FROM node_status WHERE node_id=? params: ('STA03',)
2025-12-23 10:14:51,384 - database_process - DEBUG - 处理查询 SQL: SELECT * FROM node_status WHERE node_id=? params: ('STA04',)
2025-12-23 10:14:52,385 - database_process - DEBUG - 处理查询 SQL: SELECT * FROM game_config ORDER BY id DESC LIMIT 1 params: ()
2025-12-23 10:14:52,396 - database_process - DEBUG - 处理查询 SQL: SELECT * FROM node_status WHERE node_id=? params: ('STA01',)
2025-12-23 10:14:56,290 - database_process - DEBUG - 处理查询 SQL: SELECT * FROM node_status WHERE node_id=? params: ('STA02',)
2025-12-23 10:14:56,290 - database_process - DEBUG - 处理查询 SQL: SELECT * FROM node_status WHERE node_id=? params: ('STA03',)
2025-12-23 10:14:56,790 - database_process - DEBUG - 处理查询 SQL: SELECT * FROM node_status WHERE node_id=? params: ('STA04',)
2025-12-23 10:14:57,792 - database_process - DEBUG - 处理查询 SQL: SELECT * FROM game_config ORDER BY id DESC LIMIT 1 params: ()
2025-12-23 10:14:57,815 - database_process - DEBUG - 处理查询 SQL: SELECT * FROM node_status WHERE node_id=? params: ('STA01',)
2025-12-23 10:15:01,821 - database_process - DEBUG - 处理查询 SQL: SELECT * FROM node_status WHERE node_id=? params: ('STA02',)
2025-12-23 10:15:01,821 - database_process - DEBUG - 处理查询 SQL: SELECT * FROM node_status WHERE node_id=? params: ('STA03',)
2025-12-23 10:15:02,333 - database_process - DEBUG - 处理查询 SQL: SELECT * FROM node_status WHERE node_id=? params: ('STA04',)
2025-12-23 10:15:03,335 - database_process - DEBUG - 处理查询 SQL: SELECT * FROM game_config ORDER BY id DESC LIMIT 1 params: ()
2025-12-23 10:15:03,348 - database_process - DEBUG - 处理查询 SQL: SELECT * FROM node_status WHERE node_id=? params: ('STA01',)
2025-12-23 10:15:07,256 - database_process - DEBUG - 处理查询 SQL: SELECT * FROM node_status WHERE node_id=? params: ('STA02',)
2025-12-23 10:15:07,256 - database_process - DEBUG - 处理查询 SQL: SELECT * FROM node_status WHERE node_id=? params: ('STA03',)
2025-12-23 10:15:07,759 - database_process - DEBUG - 处理查询 SQL: SELECT * FROM node_status WHERE node_id=? params: ('STA04',)
2025-12-23 10:15:08,760 - database_process - DEBUG - 处理查询 SQL: SELECT * FROM game_config ORDER BY id DESC LIMIT 1 params: ()
2025-12-23 10:15:08,785 - database_process - DEBUG - 处理查询 SQL: SELECT * FROM node_status WHERE node_id=? params: ('STA01',)
2025-12-23 10:15:13,356 - database_process - DEBUG - 处理查询 SQL: SELECT * FROM node_status WHERE node_id=? params: ('STA02',)
2025-12-23 10:15:13,371 - database_process - DEBUG - 处理查询 SQL: SELECT * FROM node_status WHERE node_id=? params: ('STA03',)
2025-12-23 10:15:13,870 - database_process - DEBUG - 处理查询 SQL: SELECT * FROM node_status WHERE node_id=? params: ('STA04',)
2025-12-23 10:15:14,871 - database_process - DEBUG - 处理查询 SQL: SELECT * FROM game_config ORDER BY id DESC LIMIT 1 params: ()
2025-12-23 10:15:14,901 - database_process - DEBUG - 处理查询 SQL: SELECT * FROM node_status WHERE node_id=? params: ('STA01',)
2025-12-23 10:15:18,818 - database_process - DEBUG - 处理查询 SQL: SELECT * FROM node_status WHERE node_id=? params: ('STA02',)
2025-12-23 10:15:18,818 - database_process - DEBUG - 处理查询 SQL: SELECT * FROM node_status WHERE node_id=? params: ('STA03',)
2025-12-23 10:15:19,319 - database_process - DEBUG - 处理查询 SQL: SELECT * FROM node_status WHERE node_id=? params: ('STA04',)
2025-12-23 10:15:20,320 - database_process - DEBUG - 处理查询 SQL: SELECT * FROM game_config ORDER BY id DESC LIMIT 1 params: ()
2025-12-23 10:15:20,345 - database_process - DEBUG - 处理查询 SQL: SELECT * FROM node_status WHERE node_id=? params: ('STA01',)
2025-12-23 10:15:26,745 - database_process - DEBUG - 模块 database_process 日志已初始化 (path=c:\Users\zfj-AUTHOR\Desktop\VSC\Cluster-20251215T135848Z-1-001\Cluster\controller\log\database_process.log)
2025-12-23 10:15:26,750 - database_process - INFO - 所有数据库初始化完成
2025-12-23 10:15:26,751 - database_process - INFO - 数据库模块启动
2025-12-23 10:15:26,752 - database_process - DEBUG - 处理查询 SQL: SELECT * FROM node_status params: ()
2025-12-23 10:15:26,752 - database_process - DEBUG - 处理查询 SQL: SELECT * FROM game_config params: ()
2025-12-23 10:15:26,753 - database_process - INFO - 节点状态查询结果: [('STA01', 1, 1, '2025-10-31 15:41:46'), ('STA02', 1, 0, '2025-10-31 15:41:37'), ('STA03', 1, 0, '2025-10-31 15:41:37'), ('STA04', 1, 0, '2025-10-31 15:41:37'), ('DET01', 1, 0, '2025-10-31 15:41:37'), ('DET02', 1, 0, '2025-10-31 15:41:37'), ('DET03', 1, 0, '2025-10-31 15:41:37'), ('DET04', 1, 0, '2025-10-31 15:41:37'), ('DET05', 1, 0, '2025-10-31 15:41:37'), ('DET06', 1, 0, '2025-10-31 15:41:37')]
2025-12-23 10:15:26,753 - database_process - INFO - 游戏配置查询结果: [(1, 2, 'conquer', 'unstart', '2025-12-23 02:15:26')]
2025-12-23 10:15:26,757 - database_process - INFO - 所有数据库初始化完成
2025-12-23 10:15:28,944 - database_process - DEBUG - 模块 database_process 日志已初始化 (path=c:\Users\zfj-AUTHOR\Desktop\VSC\Cluster-20251215T135848Z-1-001\Cluster\controller\log\database_process.log)
2025-12-23 10:15:28,952 - database_process - INFO - 所有数据库初始化完成
2025-12-23 10:15:30,435 - database_process - DEBUG - 模块 database_process 日志已初始化 (path=c:\Users\zfj-AUTHOR\Desktop\VSC\Cluster-20251215T135848Z-1-001\Cluster\controller\log\database_process.log)
2025-12-23 10:15:30,441 - database_process - INFO - 所有数据库初始化完成
2025-12-23 10:15:30,785 - database_process - DEBUG - 模块 database_process 日志已初始化 (path=c:\Users\zfj-AUTHOR\Desktop\VSC\Cluster-20251215T135848Z-1-001\Cluster\controller\log\database_process.log)
2025-12-23 10:15:30,792 - database_process - INFO - 所有数据库初始化完成
2025-12-23 10:15:30,793 - database_process - DEBUG - 处理查询 SQL: SELECT * FROM node_status WHERE node_id=? params: ('STA01',)
2025-12-23 10:15:30,802 - database_process - DEBUG - 处理查询 SQL: SELECT * FROM node_status WHERE node_id=? params: ('STA02',)
2025-12-23 10:15:31,310 - database_process - DEBUG - 处理查询 SQL: SELECT * FROM node_status WHERE node_id=? params: ('STA03',)
2025-12-23 10:15:31,310 - database_process - DEBUG - 处理查询 SQL: SELECT * FROM node_status WHERE node_id=? params: ('STA04',)
2025-12-23 10:15:44,084 - database_process - DEBUG - 处理查询 SQL: SELECT * FROM game_config ORDER BY id DESC LIMIT 1 params: ()
2025-12-23 10:15:44,099 - database_process - DEBUG - 处理查询 SQL: SELECT * FROM node_status WHERE node_id=? params: ('STA01',)
2025-12-23 10:15:47,991 - database_process - DEBUG - 处理查询 SQL: SELECT * FROM node_status WHERE node_id=? params: ('STA02',)
2025-12-23 10:15:47,991 - database_process - DEBUG - 处理查询 SQL: SELECT * FROM node_status WHERE node_id=? params: ('STA03',)
2025-12-23 10:15:48,505 - database_process - DEBUG - 处理查询 SQL: SELECT * FROM node_status WHERE node_id=? params: ('STA04',)
2025-12-23 10:15:49,507 - database_process - DEBUG - 处理查询 SQL: SELECT * FROM game_config ORDER BY id DESC LIMIT 1 params: ()
2025-12-23 10:15:49,521 - database_process - DEBUG - 处理查询 SQL: SELECT * FROM node_status WHERE node_id=? params: ('STA01',)
2025-12-23 10:15:53,479 - database_process - DEBUG - 处理查询 SQL: SELECT * FROM node_status WHERE node_id=? params: ('STA02',)
2025-12-23 10:15:53,479 - database_process - DEBUG - 处理查询 SQL: SELECT * FROM node_status WHERE node_id=? params: ('STA03',)
2025-12-23 10:15:53,984 - database_process - DEBUG - 处理查询 SQL: SELECT * FROM node_status WHERE node_id=? params: ('STA04',)
2025-12-23 10:15:54,985 - database_process - DEBUG - 处理查询 SQL: SELECT * FROM game_config ORDER BY id DESC LIMIT 1 params: ()
2025-12-23 10:15:55,011 - database_process - DEBUG - 处理查询 SQL: SELECT * FROM node_status WHERE node_id=? params: ('STA01',)
2025-12-23 10:15:58,943 - database_process - DEBUG - 处理查询 SQL: SELECT * FROM node_status WHERE node_id=? params: ('STA02',)
2025-12-23 10:15:58,944 - database_process - DEBUG - 处理查询 SQL: SELECT * FROM node_status WHERE node_id=? params: ('STA03',)
2025-12-23 10:15:59,444 - database_process - DEBUG - 处理查询 SQL: SELECT * FROM node_status WHERE node_id=? params: ('STA04',)
2025-12-23 10:16:00,445 - database_process - DEBUG - 处理查询 SQL: SELECT * FROM game_config ORDER BY id DESC LIMIT 1 params: ()
2025-12-23 10:16:00,471 - database_process - DEBUG - 处理查询 SQL: SELECT * FROM node_status WHERE node_id=? params: ('STA01',)
2025-12-23 10:16:04,422 - database_process - DEBUG - 处理查询 SQL: SELECT * FROM node_status WHERE node_id=? params: ('STA02',)
2025-12-23 10:16:04,423 - database_process - DEBUG - 处理查询 SQL: SELECT * FROM node_status WHERE node_id=? params: ('STA03',)
2025-12-23 10:16:04,933 - database_process - DEBUG - 处理查询 SQL: SELECT * FROM node_status WHERE node_id=? params: ('STA04',)
2025-12-23 10:16:05,934 - database_process - DEBUG - 处理查询 SQL: SELECT * FROM game_config ORDER BY id DESC LIMIT 1 params: ()
2025-12-23 10:16:05,948 - database_process - DEBUG - 处理查询 SQL: SELECT * FROM node_status WHERE node_id=? params: ('STA01',)
