2025-12-26 16:40:05,274 - __main__ - INFO - 开始启动系统模块...
2025-12-26 16:40:05,274 - __main__ - INFO - 正在启动模块: database_process.py
2025-12-26 16:40:07,286 - __main__ - INFO - 模块 database_process.py 已启动 (PID: 33328)
2025-12-26 16:40:07,286 - __main__ - INFO - 数据库已初始化完成
2025-12-26 16:40:07,287 - __main__ - INFO - 正在启动模块: mqtt_process.py
2025-12-26 16:40:08,295 - __main__ - INFO - 模块 mqtt_process.py 已启动 (PID: 33044)
2025-12-26 16:40:08,296 - __main__ - INFO - 正在启动模块: flask_app.py
2025-12-26 16:40:09,304 - __main__ - INFO - 模块 flask_app.py 已启动 (PID: 22072)
2025-12-26 16:40:09,307 - __main__ - INFO - 正在启动模块: game_process.py
2025-12-26 16:40:10,315 - __main__ - INFO - 模块 game_process.py 已启动 (PID: 36352)
2025-12-26 16:40:10,316 - __main__ - INFO - 所有模块已启动，开始监控...
2025-12-26 16:42:05,507 - __main__ - WARNING - 模块 game_process.py 异常终止，错误: 退出码: 1, 详情见: c:\Users\zfj-AUTHOR\Desktop\VSC\Cluster-20251215T135848Z-1-001\Cluster\controller\log\game_process.py_proc_20251226_164009.log... 尝试重启...
2025-12-26 16:42:06,509 - __main__ - INFO - 正在启动模块: game_process.py
2025-12-26 16:42:07,518 - __main__ - INFO - 模块 game_process.py 已启动 (PID: 35948)
2025-12-26 16:42:17,206 - __main__ - INFO - 接收到中断信号，正在停止所有模块...
2025-12-26 16:42:17,208 - __main__ - INFO - 已终止模块 database_process.py (PID: 33328)
2025-12-26 16:42:17,213 - __main__ - INFO - 已终止模块 mqtt_process.py (PID: 33044)
2025-12-26 16:42:17,217 - __main__ - INFO - 已终止模块 flask_app.py (PID: 22072)
2025-12-26 16:42:17,224 - __main__ - INFO - 已终止模块 game_process.py (PID: 35948)
2025-12-26 16:42:17,225 - __main__ - INFO - 所有模块已停止
